<?xml version="1.0" encoding="UTF-8"?>
<!-- Generated by org.testng.reporters.JUnitReportReporter -->
<testsuite hostname="DIVRAJ-2004" failures="0" tests="1" name="runnerfile.loginrunnertestng" time="9.215" errors="1" timestamp="2025-04-01T20:52:13 IST" skipped="0">
  <testcase classname="runnerfile.loginrunnertestng" name="runScenario" time="9.215">
    <error message="Unable to find element with locator By.xpath: //h6[@class=&quot;oxd-text oxd-text--h6 oxd-topbar-header-breadcrumb-module&quot;]
For documentation on this error, please visit: https://www.selenium.dev/documentation/webdriver/troubleshooting/errors#no-such-element-exception
Build info: version: &#039;4.30.0&#039;, revision: &#039;509c7f17cc*&#039;
System info: os.name: &#039;Windows 11&#039;, os.arch: &#039;amd64&#039;, os.version: &#039;10.0&#039;, java.version: &#039;21.0.6&#039;
Driver info: driver.version: RemoteWebDriver" type="org.openqa.selenium.NoSuchElementException">
      <![CDATA[org.openqa.selenium.NoSuchElementException: Unable to find element with locator By.xpath: //h6[@class="oxd-text oxd-text--h6 oxd-topbar-header-breadcrumb-module"]
For documentation on this error, please visit: https://www.selenium.dev/documentation/webdriver/troubleshooting/errors#no-such-element-exception
Build info: version: '4.30.0', revision: '509c7f17cc*'
System info: os.name: 'Windows 11', os.arch: 'amd64', os.version: '10.0', java.version: '21.0.6'
Driver info: driver.version: RemoteWebDriver
at org.openqa.selenium.remote.ElementLocation$ElementFinder$2.findElement(ElementLocation.java:168)
at org.openqa.selenium.remote.ElementLocation.findElement(ElementLocation.java:59)
at org.openqa.selenium.remote.RemoteWebDriver.findElement(RemoteWebDriver.java:368)
at org.openqa.selenium.remote.RemoteWebDriver.findElement(RemoteWebDriver.java:362)
at Stepdefenition.Loginstepdef.i_should_see_a_dashboard_text_in_the_home_page(Loginstepdef.java:48)
at âœ½.I should see a dashboard text in the home page(file:///C:/Users/Lenovo/Desktop/TestNG-Assess-1/Cucumber_Basics/src/test/resources/Com/feature/Login.feature:29)
]]>
    </error>
  </testcase> <!-- runScenario -->
</testsuite> <!-- runnerfile.loginrunnertestng -->
